'data_init' -> 'data'
'data_init/lang' -> 'data/lang'
'data_init/local' -> 'data/local'
'data_init/local/lang' -> 'data/local/lang'
'data_init/local/tmp' -> 'data/local/tmp'
'data_init/local/dict' -> 'data/local/dict'
'data_init/local/dict/lexicon.txt' -> 'data/local/dict/lexicon.txt'
'data_init/local/dict/lexiconp.txt' -> 'data/local/dict/lexiconp.txt'
'data_init/local/dict/nonsilence_phones.txt' -> 'data/local/dict/nonsilence_phones.txt'
'data_init/local/dict/optional_silence.txt' -> 'data/local/dict/optional_silence.txt'
'data_init/local/dict/silence_phones.txt' -> 'data/local/dict/silence_phones.txt'
'data_init/local/corpus.txt' -> 'data/local/corpus.txt'
'data_init/train' -> 'data/train'
'data_init/train/segments' -> 'data/train/segments'
'data_init/train/wav.scp' -> 'data/train/wav.scp'
'data_init/train/text' -> 'data/train/text'
'data_init/train/utt2spk' -> 'data/train/utt2spk'
'data_init/train/spk2utt' -> 'data/train/spk2utt'
'data_init' -> 'data'
'data_init/lang' -> 'data/lang'
'data_init/local' -> 'data/local'
'data_init/local/lang' -> 'data/local/lang'
'data_init/local/tmp' -> 'data/local/tmp'
'data_init/local/dict' -> 'data/local/dict'
'data_init/local/dict/lexicon.txt' -> 'data/local/dict/lexicon.txt'
'data_init/local/dict/lexiconp.txt' -> 'data/local/dict/lexiconp.txt'
'data_init/local/dict/nonsilence_phones.txt' -> 'data/local/dict/nonsilence_phones.txt'
'data_init/local/dict/optional_silence.txt' -> 'data/local/dict/optional_silence.txt'
'data_init/local/dict/silence_phones.txt' -> 'data/local/dict/silence_phones.txt'
'data_init/local/corpus.txt' -> 'data/local/corpus.txt'
'data_init/train' -> 'data/train'
'data_init/train/segments' -> 'data/train/segments'
'data_init/train/wav.scp' -> 'data/train/wav.scp'
'data_init/train/text' -> 'data/train/text'
'data_init/train/utt2spk' -> 'data/train/utt2spk'
'data_init/train/spk2utt' -> 'data/train/spk2utt'
